0 info it worked if it ends with ok
1 verbose cli [ '/Users/Matthews/.nvm/versions/node/v4.6.1/bin/node',
1 verbose cli   '/Users/Matthews/.nvm/versions/node/v4.6.1/bin/npm',
1 verbose cli   'start' ]
2 info using npm@4.0.3
3 info using node@v4.6.1
4 verbose run-script [ 'prestart', 'start', 'poststart' ]
5 info lifecycle CP-Guide@1.0.0~prestart: CP-Guide@1.0.0
6 silly lifecycle CP-Guide@1.0.0~prestart: no script for prestart, continuing
7 info lifecycle CP-Guide@1.0.0~start: CP-Guide@1.0.0
8 verbose lifecycle CP-Guide@1.0.0~start: unsafe-perm in lifecycle true
9 verbose lifecycle CP-Guide@1.0.0~start: PATH: /Users/Matthews/.nvm/versions/node/v4.6.1/lib/node_modules/npm/bin/node-gyp-bin:/Users/Matthews/ContactPartners/node_modules/.bin:/Users/Matthews/.nvm/versions/node/v4.6.1/bin:/usr/local/bin:/usr/bin:/bin:/usr/sbin:/sbin
10 verbose lifecycle CP-Guide@1.0.0~start: CWD: /Users/Matthews/ContactPartners
11 silly lifecycle CP-Guide@1.0.0~start: Args: [ '-c', 'node devServer.js' ]
12 silly lifecycle CP-Guide@1.0.0~start: Returned: code: 1  signal: null
13 info lifecycle CP-Guide@1.0.0~start: Failed to exec start script
14 verbose stack Error: CP-Guide@1.0.0 start: `node devServer.js`
14 verbose stack Exit status 1
14 verbose stack     at EventEmitter.<anonymous> (/Users/Matthews/.nvm/versions/node/v4.6.1/lib/node_modules/npm/lib/utils/lifecycle.js:279:16)
14 verbose stack     at emitTwo (events.js:87:13)
14 verbose stack     at EventEmitter.emit (events.js:172:7)
14 verbose stack     at ChildProcess.<anonymous> (/Users/Matthews/.nvm/versions/node/v4.6.1/lib/node_modules/npm/lib/utils/spawn.js:40:14)
14 verbose stack     at emitTwo (events.js:87:13)
14 verbose stack     at ChildProcess.emit (events.js:172:7)
14 verbose stack     at maybeClose (internal/child_process.js:829:16)
14 verbose stack     at Process.ChildProcess._handle.onexit (internal/child_process.js:211:5)
15 verbose pkgid CP-Guide@1.0.0
16 verbose cwd /Users/Matthews/ContactPartners
17 error Darwin 15.6.0
18 error argv "/Users/Matthews/.nvm/versions/node/v4.6.1/bin/node" "/Users/Matthews/.nvm/versions/node/v4.6.1/bin/npm" "start"
19 error node v4.6.1
20 error npm  v4.0.3
21 error code ELIFECYCLE
22 error CP-Guide@1.0.0 start: `node devServer.js`
22 error Exit status 1
23 error Failed at the CP-Guide@1.0.0 start script 'node devServer.js'.
23 error Make sure you have the latest version of node.js and npm installed.
23 error If you do, this is most likely a problem with the CP-Guide package,
23 error not with npm itself.
23 error Tell the author that this fails on your system:
23 error     node devServer.js
23 error You can get information on how to open an issue for this project with:
23 error     npm bugs CP-Guide
23 error Or if that isn't available, you can get their info via:
23 error     npm owner ls CP-Guide
23 error There is likely additional logging output above.
24 verbose exit [ 1, true ]
